<?xml version="1.0" encoding="UTF-8"?>
<!-- Generated by org.testng.reporters.JUnitReportReporter -->
<testsuite hostname="LAPTOP-MRABR3S0" failures="0" tests="1" name="com.aarya.misal.JarTest" time="7.651" errors="0" timestamp="2023-07-13T15:18:22 IST" skipped="0">
  <testcase classname="com.aarya.misal.JarTest" name="exampleTest" time="7.651"/>
  <system-out/>
</testsuite> <!-- com.aarya.misal.JarTest -->
